<?xml version="1.0" encoding="UTF-8" standalone="yes"?>
<testsuites name="SuiteContent" time="7" tests="1" failures="0" errors="0">
    <testsuite name="SuiteContent" tests="1" failures="0" errors="0" time="7" timestamp="2019-09-13 14:11:56" hostname="eiolbmr - BR-00002368.ericsson.se" id="Test Suites/SuiteContent">
        <properties>
            <property name="deviceName" value=""/>
            <property name="devicePlatform" value=""/>
            <property name="logFolder" value="C:\\Users\\EIOLBMR\\Katalon Studio\\ExampleFlask\\Reports\\20190913_141153\\SuiteContent\\20190913_141153"/>
            <property name="logFiles" value="C:\\Users\\EIOLBMR\\Katalon Studio\\ExampleFlask\\Reports\\20190913_141153\\SuiteContent\\20190913_141153\\execution0.log"/>
            <property name="attachments" value=""/>
            <property name="hostName" value="eiolbmr - BR-00002368.ericsson.se"/>
            <property name="hostAddress" value="100.120.204.233"/>
            <property name="os" value="Windows 10 64bit"/>
            <property name="katalonVersion" value="6.3.3.11"/>
        </properties>
        <testcase name="Test Cases/Content" classname="Test Cases/Content" status="PASSED">
            <system-out>2019-09-13 14:11:56 - [TEST_CASE][PASSED] - Test Cases/Content: Test Cases/Content&#xD;
&#xD;
2019-09-13 14:11:56 - [TEST_STEP][PASSED] - response = sendRequestAndVerify(findTestObject("ListContent")): Send request and verify the response successfully&#xD;
&#xD;
2019-09-13 14:12:03 - [MESSAGE][INFO] - HAR: C:\Users\EIOLBMR\Katalon Studio\ExampleFlask\Reports\20190913_141153\SuiteContent\20190913_141153\requests\main\0.har&#xD;
&#xD;
2019-09-13 14:12:03 - [TEST_CASE][PASSED] - Start Test Case : Verification: Verification accomplished successfully&#xD;
&#xD;
2019-09-13 14:12:03 - [TEST_STEP][PASSED] - request = getInstance().getCurrentRequest(): null&#xD;
&#xD;
2019-09-13 14:12:03 - [TEST_STEP][PASSED] - response = getInstance().getCurrentResponse(): null&#xD;
&#xD;
2019-09-13 14:12:03 - [TEST_STEP][PASSED] - verifyResponseStatusCode(response, 200): Verify response status code successfully&#xD;
&#xD;
2019-09-13 14:12:03 - [MESSAGE][PASSED] - Verify response status code successfully&#xD;
&#xD;
2019-09-13 14:12:03 - [TEST_STEP][PASSED] - getStatusCode()).isEqualTo(200): null&#xD;
&#xD;
2019-09-13 14:12:03 - [MESSAGE][PASSED] - Verify response successfully&#xD;
&#xD;
2019-09-13 14:12:03 - [MESSAGE][PASSED] - Send request and verify the response successfully</system-out>
            <system-err></system-err>
        </testcase>
        <system-out>2019-09-13 14:11:56 - [TEST_SUITE][INCOMPLETE] - SuiteContent: null</system-out>
        <system-err>2019-09-13 14:11:56 - [TEST_SUITE][INCOMPLETE] - SuiteContent: null</system-err>
    </testsuite>
</testsuites>
